<?xml version="1.0" encoding="UTF-8"?>
<!-- Generated by org.testng.reporters.JUnitXMLReporter -->
<testsuite ignored="4" hostname="LAPTOP-BT17V4TJ" failures="1" tests="1" name="hrmlogin verification(failed)(failed)" time="0.057" errors="0" timestamp="2022-09-17T13:38:23 IST">
  <testcase classname="com.testng.Orangehrm" name="verifylogin" time="0.01">
    <failure type="java.lang.NullPointerException" message="Cannot invoke &amp;quot;org.openqa.selenium.WebDriver.findElement(org.openqa.selenium.By)&amp;quot; because &amp;quot;this.driver&amp;quot; is null">
      <![CDATA[java.lang.NullPointerException: Cannot invoke "org.openqa.selenium.WebDriver.findElement(org.openqa.selenium.By)" because "this.driver" is null
at com.testng.Orangehrm.verifylogin(Orangehrm.java:51)
at java.base/java.util.ArrayList.forEach(ArrayList.java:1511)
... Removed 27 stack frames]]>
    </failure>
  </testcase> <!-- verifylogin -->
  <testcase classname="com.testng.Orangehrm" name="Lunchapp" time="0.0">
    <ignored/>
  </testcase> <!-- Lunchapp -->
  <testcase classname="com.testng.Orangehrm" name="navigatemyinfo" time="0.0">
    <ignored/>
  </testcase> <!-- navigatemyinfo -->
  <testcase classname="com.testng.Orangehrm" name="verifyMyinfo" time="0.0">
    <ignored/>
  </testcase> <!-- verifyMyinfo -->
  <testcase classname="com.testng.Orangehrm" name="Enterlogindetails" time="0.0">
    <ignored/>
  </testcase> <!-- Enterlogindetails -->
</testsuite> <!-- hrmlogin verification(failed)(failed) -->
