<?xml version="1.0" encoding="UTF-8"?>
<!-- Generated by org.testng.reporters.JUnitXMLReporter -->
<testsuite ignored="0" hostname="LAPTOP-BT17V4TJ" failures="0" tests="12" name="Test" time="5.236" errors="0" timestamp="2022-09-17T12:43:16 IST">
  <testcase classname="com.testng.Orangehrm" name="@BeforeTest initalizebrowser" time="5.138">
    <failure type="java.lang.NullPointerException" message="Cannot invoke &amp;quot;org.openqa.selenium.WebDriver.manage()&amp;quot; because &amp;quot;this.driver&amp;quot; is null">
      <![CDATA[java.lang.NullPointerException: Cannot invoke "org.openqa.selenium.WebDriver.manage()" because "this.driver" is null
at com.testng.Orangehrm.initalizebrowser(Orangehrm.java:18)
... Removed 24 stack frames]]>
    </failure>
  </testcase> <!-- @BeforeTest initalizebrowser -->
  <testcase classname="com.testng.annonations" name="@BeforeTest beforeTest" time="-1.663398796124E9">
    <skipped/>
  </testcase> <!-- @BeforeTest beforeTest -->
  <testcase classname="com.testng.annonations" name="@BeforeClass beforeClass" time="-1.663398796189E9">
    <skipped/>
  </testcase> <!-- @BeforeClass beforeClass -->
  <testcase classname="com.testng.annonations" name="@BeforeMethod beforeMethod" time="-1.66339879619E9">
    <skipped/>
  </testcase> <!-- @BeforeMethod beforeMethod -->
  <testcase classname="com.testng.annonations" name="@AfterMethod afterMethod" time="-1.663398796193E9">
    <skipped/>
  </testcase> <!-- @AfterMethod afterMethod -->
  <testcase classname="com.testng.annonations" name="@BeforeMethod beforeMethod" time="-1.663398796194E9">
    <skipped/>
  </testcase> <!-- @BeforeMethod beforeMethod -->
  <testcase classname="com.testng.annonations" name="@AfterMethod afterMethod" time="-1.663398796196E9">
    <skipped/>
  </testcase> <!-- @AfterMethod afterMethod -->
  <testcase classname="com.testng.annonations" name="@BeforeMethod beforeMethod" time="-1.663398796197E9">
    <skipped/>
  </testcase> <!-- @BeforeMethod beforeMethod -->
  <testcase classname="com.testng.annonations" name="@AfterMethod afterMethod" time="-1.6633987962E9">
    <skipped/>
  </testcase> <!-- @AfterMethod afterMethod -->
  <testcase classname="com.testng.annonations" name="@AfterClass afterClass" time="-1.663398796201E9">
    <skipped/>
  </testcase> <!-- @AfterClass afterClass -->
  <testcase classname="com.testng.Orangehrm" name="@AfterTest teardown" time="-1.663398796202E9">
    <skipped/>
  </testcase> <!-- @AfterTest teardown -->
  <testcase classname="com.testng.annonations" name="@AfterTest afterTest" time="-1.663398796202E9">
    <skipped/>
  </testcase> <!-- @AfterTest afterTest -->
  <testcase classname="com.testng.demotestngclass" name="name" time="0.0">
    <skipped/>
  </testcase> <!-- name -->
  <testcase classname="com.testng.Softassert" name="flipkart" time="0.0">
    <skipped/>
  </testcase> <!-- flipkart -->
  <testcase classname="com.testng.Hardassertexamples" name="facebook" time="0.0">
    <skipped/>
  </testcase> <!-- facebook -->
  <testcase classname="com.testng.Hardassertexamples" name="loginhrm" time="0.0">
    <skipped/>
  </testcase> <!-- loginhrm -->
  <testcase classname="com.testng.Orangehrm" name="Enterlogindetails" time="0.0">
    <skipped/>
  </testcase> <!-- Enterlogindetails -->
  <testcase classname="com.testng.Orangehrm" name="Lunchapp" time="0.0">
    <skipped/>
  </testcase> <!-- Lunchapp -->
  <testcase classname="com.testng.Orangehrm" name="navigatemyinfo" time="0.0">
    <skipped/>
  </testcase> <!-- navigatemyinfo -->
  <testcase classname="com.testng.Orangehrm" name="verifyMyinfo" time="0.0">
    <skipped/>
  </testcase> <!-- verifyMyinfo -->
  <testcase classname="com.testng.Orangehrm" name="verifylogin" time="0.0">
    <skipped/>
  </testcase> <!-- verifylogin -->
  <testcase classname="com.testng.annonations" name="Function" time="0.0">
    <skipped/>
  </testcase> <!-- Function -->
  <testcase classname="com.testng.annonations" name="Function1" time="0.0">
    <skipped/>
  </testcase> <!-- Function1 -->
  <testcase classname="com.testng.annonations" name="Function2" time="0.0">
    <skipped/>
  </testcase> <!-- Function2 -->
</testsuite> <!-- Test -->
