<?xml version="1.0" encoding="UTF-8"?>
<!-- Generated by org.testng.reporters.JUnitXMLReporter -->
<testsuite ignored="3" hostname="LAPTOP-BT17V4TJ" failures="0" tests="4" name="hrmAddemployee" time="26.01" errors="0" timestamp="2022-09-19T11:28:21 IST">
  <testcase classname="com.testng.Orangehrm" name="Lunchapp" time="4.68"/>
  <testcase classname="com.testng.Orangehrm" name="Enterlogindetails" time="3.172"/>
  <testcase classname="com.testng.Orangehrm" name="navigatetoAddemployee" time="11.229"/>
  <testcase classname="com.testng.Orangehrm" name="addEmployee" time="0.382"/>
  <testcase classname="com.testng.Orangehrm" name="verifypage" time="0.0">
    <ignored/>
  </testcase> <!-- verifypage -->
  <testcase classname="com.testng.Orangehrm" name="verifyMyinfo" time="0.0">
    <ignored/>
  </testcase> <!-- verifyMyinfo -->
  <testcase classname="com.testng.Orangehrm" name="verifyemployee" time="0.0">
    <ignored/>
  </testcase> <!-- verifyemployee -->
</testsuite> <!-- hrmAddemployee -->
