<?xml version="1.0" encoding="UTF-8"?>
<!-- Generated by org.testng.reporters.JUnitXMLReporter -->
<testsuite ignored="2" hostname="LAPTOP-BT17V4TJ" failures="0" tests="3" name="hrmlogin" time="74.777" errors="0" timestamp="2022-09-19T08:22:44 IST">
  <testcase classname="com.testng.Orangehrm" name="Lunchapp" time="14.189"/>
  <testcase classname="com.testng.Orangehrm" name="Enterlogindetails" time="4.391"/>
  <testcase classname="com.testng.Orangehrm" name="navigatemyinfo" time="4.52"/>
  <testcase classname="com.testng.Orangehrm" name="verifylogin" time="0.0">
    <ignored/>
  </testcase> <!-- verifylogin -->
  <testcase classname="com.testng.Orangehrm" name="verifyMyinfo" time="0.0">
    <ignored/>
  </testcase> <!-- verifyMyinfo -->
</testsuite> <!-- hrmlogin -->
