<?xml version="1.0" encoding="UTF-8"?>
<!-- Generated by org.testng.reporters.JUnitXMLReporter -->
<testsuite ignored="2" hostname="LAPTOP-BT17V4TJ" failures="0" tests="3" name="hrmlologininfo" time="72.557" errors="0" timestamp="2022-09-19T09:06:21 IST">
  <testcase classname="com.testng.Orangehrm" name="Lunchapp" time="10.649"/>
  <testcase classname="com.testng.Orangehrm" name="Enterlogindetails" time="5.33"/>
  <testcase classname="com.testng.Orangehrm" name="verifyMyinfo" time="5.984"/>
  <testcase classname="com.testng.Orangehrm" name="verifypage" time="0.0">
    <ignored/>
  </testcase> <!-- verifypage -->
  <testcase classname="com.testng.Orangehrm" name="navigatetoAddemployee" time="0.0">
    <ignored/>
  </testcase> <!-- navigatetoAddemployee -->
</testsuite> <!-- hrmlologininfo -->
