<?xml version="1.0" encoding="UTF-8"?>
<!-- Generated by org.testng.reporters.JUnitXMLReporter -->
<testsuite ignored="2" hostname="LAPTOP-BT17V4TJ" failures="0" tests="3" name="Nopackage" time="49.325" errors="0" timestamp="2022-09-17T13:08:01 IST">
  <testcase classname="com.testng.Orangehrm" name="Lunchapp" time="29.776"/>
  <testcase classname="com.testng.Orangehrm" name="Enterlogindetails" time="5.942"/>
  <testcase classname="com.testng.Orangehrm" name="navigatemyinfo" time="13.551"/>
  <testcase classname="com.testng.Orangehrm" name="verifylogin" time="0.0">
    <ignored/>
  </testcase> <!-- verifylogin -->
  <testcase classname="com.testng.Orangehrm" name="verifyMyinfo" time="0.0">
    <ignored/>
  </testcase> <!-- verifyMyinfo -->
</testsuite> <!-- Nopackage -->
