<?xml version="1.0" encoding="UTF-8"?>
<!-- Generated by org.testng.reporters.JUnitXMLReporter -->
<testsuite ignored="0" hostname="LAPTOP-BT17V4TJ" failures="0" tests="8" name="test1" time="0.165" errors="0" timestamp="2022-09-21T11:11:24 IST">
  <testcase classname="com.testng.Priority" name="method2" time="0.009"/>
  <testcase classname="com.testng.Priority" name="method3" time="0.008"/>
  <testcase classname="com.testng.Igonre" name="test1" time="0.009"/>
  <testcase classname="com.testng.Priority" name="method1" time="0.004"/>
  <testcase classname="com.testng.Priority" name="method4" time="0.002"/>
  <testcase classname="com.testng.Igonre" name="test2" time="0.005"/>
  <testcase classname="com.testng.Igonre" name="test3" time="0.004"/>
  <testcase classname="com.testng.Igonre" name="test4" time="0.005"/>
</testsuite> <!-- test1 -->
