<?xml version="1.0" encoding="UTF-8"?>
<testng-results ignored="0" total="1" passed="1" failed="0" skipped="0">
  <reporter-output>
    <line>
      <![CDATA[Open Application]]>
    </line>
  </reporter-output>
  <suite started-at="2022-09-27T14:12:11 IST" name="Default suite" finished-at="2022-09-27T14:14:55 IST" duration-ms="163952">
    <groups>
    </groups>
    <test started-at="2022-09-27T14:12:11 IST" name="Default test" finished-at="2022-09-27T14:14:55 IST" duration-ms="163952">
      <class name="com.hrms.testscripts.TC001_LogInLogOut">
        <test-method signature="TC001()[pri:0, instance:com.hrms.testscripts.TC001_LogInLogOut@6babf3bf]" started-at="2022-09-27T14:12:11 IST" name="TC001" finished-at="2022-09-27T14:14:55 IST" duration-ms="163756" status="PASS">
          <reporter-output>
            <line>
              <![CDATA[Open Application]]>
            </line>
          </reporter-output>
        </test-method> <!-- TC001 -->
      </class> <!-- com.hrms.testscripts.TC001_LogInLogOut -->
    </test> <!-- Default test -->
  </suite> <!-- Default suite -->
</testng-results>
